C51 COMPILER V9.60.0.0   MAIN                                                              11/21/2021 14:04:47 PAGE 1   


C51 COMPILER V9.60.0.0, COMPILATION OF MODULE MAIN
OBJECT MODULE PLACED IN .\Objects\main.obj
COMPILER INVOKED BY: C:\Keil_v5\C51\BIN\C51.EXE main.c OPTIMIZE(8,SPEED) BROWSE DEBUG OBJECTEXTEND PRINT(.\Listings\main
                    -.lst) TABS(2) OBJECT(.\Objects\main.obj)

line level    source

   1          #include "reg52.h"
   2          #include <intrins.H>
   3          
   4          
   5          #define uchar unsigned char   //宏定义字符型变量
   6          #define uint  unsigned int    //宏定义整型变量
   7            
   8          
   9          #define BAUD  0XFE80          //9600bps@ 11.0592MHZ
  10          
  11          sfr AUXR = 0x8E;              //辅助寄存器
  12          sbit RXB = P3^0;
  13          sbit TXB = P3^1;
  14          sbit P33 = P3^3;              //定义继电器控制输出脚
  15          uchar dat;                    //用于存储单片机接收发送缓冲寄存器SBUF里面的内容
  16          
  17          uchar TBUF, RBUF;
  18          uchar TDAT, RDAT;
  19          uchar TCNT, RCNT;
  20          uchar TBIT, RBIT;
  21          uint TING, RING;
  22          uint TEND, REND;
  23          
  24          void UART_INIT();     //声明函数
  25          
  26          uchar t, r;           //定义数据类型
  27          uchar but[16];        //数据存储数组
  28          
  29          void delay(uchar t)
  30          {
  31   1          uchar i, j;
  32   1          for (i = 0; i < t; i++)
  33   1          {
  34   2              for (j = 13; j > 0; j--);
  35   2              {;
  36   3              }
  37   2          }
  38   1      }
  39          
  40          void main() {
  41   1          TMOD = 0X00;       //定时器T0设定
  42   1          AUXR = 0X80;       //辅助寄存器
  43   1          TL0 = BAUD;       //十六位寄存器
  44   1          TH0 = BAUD >> 8;   //十六位寄存器
  45   1          TR0 = 1;           //开定时器
  46   1          ET0 = 1;
  47   1          PT0 = 1;
  48   1          EA = 1;           //开总中断
  49   1          
  50   1          UART_INIT();   //串口初始化
  51   1          while (1)       //无线循环
  52   1          {
  53   2              if (REND)
  54   2              {
C51 COMPILER V9.60.0.0   MAIN                                                              11/21/2021 14:04:47 PAGE 2   

  55   3                  REND = 0;
  56   3                  r++;
  57   3                  //but[r++&0x0f]=RBUF;
  58   3                  dat = RBUF;
  59   3              }
  60   2              if (TEND)
  61   2              {
  62   3                  if (t != r)
  63   3                  {
  64   4                    uchar k;
  65   4                    k = 10;
  66   4                      TEND = 0;
  67   4                      //TBUF=dat;
  68   4                      switch (dat) //接收数据判断
  69   4                      {
  70   5                      case 'A': P33 = 1; delay(k); TBUF = dat; dat = 0xee; break;       //  开，并返回数据值
  71   5                      case 'B': P33 = 0; delay(k); TBUF = dat; dat = 0xee; break;       //  关，并返回数据值
  72   5                      case 'C': if (P33 == 1) { TBUF = 'A'; }if (P33 == 0) { TBUF = 'B'; }delay(k); dat = 0xee; 
             -break;       //  读输出口状态，并返回数据值
  73   5                      case 'D': P33 = !P33; delay(k); TBUF = dat; dat = 0xee; break;  //  输出口取反
  74   5                      default:break;                       //  跳出
  75   5                      }
  76   4                      t++;
  77   4                      //TBUF=but[t++&0x0f];
  78   4                      TING = 1;
  79   4                  }
  80   3              }
  81   2          }
  82   1      }
  83          
  84          /********************************************************************
  85                                      定时器T0
  86          *********************************************************************/
  87          void tm0()interrupt 1 using 1
  88          {
  89   1          if (RING)
  90   1          {
  91   2              if (--RCNT == 0)
  92   2              {
  93   3                  RCNT = 3;
  94   3                  if (--RBIT == 0)
  95   3                  {
  96   4                      RBUF = RDAT;
  97   4                      RING = 0;
  98   4                      REND = 1;
  99   4                  }
 100   3                  else
 101   3                  {
 102   4                      RDAT >>= 1;
 103   4                      if (RXB)RDAT |= 0X80;
 104   4                  }
 105   3      
 106   3              }
 107   2          }
 108   1          else if (!RXB)
 109   1          {
 110   2              RING = 1;
 111   2              RCNT = 4;
 112   2              RBIT = 9;
 113   2          }
 114   1          if (--TCNT == 0)
 115   1          {
C51 COMPILER V9.60.0.0   MAIN                                                              11/21/2021 14:04:47 PAGE 3   

 116   2              TCNT = 3;
 117   2              if (TING)
 118   2              {
 119   3                  if (TBIT == 0)
 120   3                  {
 121   4                      TXB = 0;
 122   4                      TDAT = TBUF;
 123   4                      TBIT = 9;
 124   4                  }
 125   3                  else
 126   3                  {
 127   4                      TDAT >>= 1;
 128   4                      if (--TBIT == 0)
 129   4                      {
 130   5                          TXB = 1;
 131   5                          TING = 0;
 132   5                          TEND = 1;
 133   5                      }
 134   4                      else
 135   4                      {
 136   5                          TXB = CY;
 137   5                      }
 138   4                  }
 139   3              }
 140   2          }
 141   1      }
 142          
 143          void UART_INIT()
 144          {
 145   1          TING = 0;
 146   1          RING = 0;
 147   1      
 148   1          TEND = 1;
 149   1          REND = 0;
 150   1      
 151   1          TCNT = 0;
 152   1          RCNT = 0;
 153   1      }


MODULE INFORMATION:   STATIC OVERLAYABLE
   CODE SIZE        =    303    ----
   CONSTANT SIZE    =   ----    ----
   XDATA SIZE       =   ----    ----
   PDATA SIZE       =   ----    ----
   DATA SIZE        =     35       1
   IDATA SIZE       =   ----    ----
   BIT SIZE         =   ----    ----
END OF MODULE INFORMATION.


C51 COMPILATION COMPLETE.  0 WARNING(S),  0 ERROR(S)
